2021-01-13T08:41:34.379Z - info: Website generation (lazy) started at 4:41:34 PM
2021-01-13T08:41:34.435Z - info: Building assets...
2021-01-13T08:41:34.454Z - info: Assets built
2021-01-13T08:41:34.454Z - info: Generating landing page...
2021-01-13T08:41:35.384Z - info: Landing page built, other pages will be built as you navigate to them!
2021-01-13T08:41:38.048Z - info: Site data built
2021-01-13T08:41:38.048Z - info: Website generation (lazy) complete! Total build time: 3.686s
2021-01-13T08:41:38.068Z - info: Serving "C:\Users\ZeYu\Desktop\markbind\packages\core\template\default\_site" at http://127.0.0.1:8080
2021-01-13T08:41:38.068Z - info: Press CTRL+C to stop ...
2021-01-13T08:41:51.771Z - info: [4:41:51 PM] Reload for file change: C:\Users\ZeYu\Desktop\markbind\packages\core\template\default\index.md
2021-01-13T08:41:52.776Z - info: Rebuilding 1 pages
2021-01-13T08:41:52.866Z - info: Site data built
2021-01-13T08:41:52.866Z - info: Pages rebuilt
2021-01-13T08:41:52.867Z - info: Website regeneration complete! Total build time: 0.092s
2021-01-13T08:43:13.474Z - info: [4:43:13 PM] Reload for file change: C:\Users\ZeYu\Desktop\markbind\packages\core\template\default\index.md
2021-01-13T08:43:14.488Z - info: Rebuilding 1 pages
2021-01-13T08:43:14.544Z - info: Site data built
2021-01-13T08:43:14.545Z - info: Pages rebuilt
2021-01-13T08:43:14.545Z - info: Website regeneration complete! Total build time: 0.058s
2021-01-13T08:43:20.771Z - info: [4:43:20 PM] Reload for file change: C:\Users\ZeYu\Desktop\markbind\packages\core\template\default\index.md
2021-01-13T08:43:21.777Z - info: Rebuilding 1 pages
2021-01-13T08:43:21.843Z - info: Site data built
2021-01-13T08:43:21.843Z - info: Pages rebuilt
2021-01-13T08:43:21.843Z - info: Website regeneration complete! Total build time: 0.067s
2021-01-13T08:43:38.998Z - info: [4:43:38 PM] Reload for file change: C:\Users\ZeYu\Desktop\markbind\packages\core\template\default\index.md
2021-01-13T08:43:40.012Z - info: Rebuilding 1 pages
2021-01-13T08:43:40.060Z - info: Site data built
2021-01-13T08:43:40.060Z - info: Pages rebuilt
2021-01-13T08:43:40.060Z - info: Website regeneration complete! Total build time: 0.048s
2021-01-13T08:44:11.130Z - info: [4:44:11 PM] Reload for file change: C:\Users\ZeYu\Desktop\markbind\packages\core\template\default\index.md
2021-01-13T08:44:12.137Z - info: Rebuilding 1 pages
2021-01-13T08:44:12.178Z - info: Site data built
2021-01-13T08:44:12.178Z - info: Pages rebuilt
2021-01-13T08:44:12.178Z - info: Website regeneration complete! Total build time: 0.042s
2021-01-13T09:16:15.652Z - info: [5:16:15 PM] Reload for file change: C:\Users\ZeYu\Desktop\markbind\packages\core\template\default\index.md
2021-01-13T09:16:16.670Z - info: Rebuilding 1 pages
2021-01-13T09:16:16.772Z - info: Site data built
2021-01-13T09:16:16.772Z - info: Pages rebuilt
2021-01-13T09:16:16.772Z - info: Website regeneration complete! Total build time: 0.103s
2021-01-13T09:16:36.721Z - info: [5:16:36 PM] Reload for file change: C:\Users\ZeYu\Desktop\markbind\packages\core\template\default\index.md
2021-01-13T09:16:37.724Z - info: Rebuilding 1 pages
2021-01-13T09:16:37.782Z - info: Site data built
2021-01-13T09:16:37.782Z - info: Pages rebuilt
2021-01-13T09:16:37.782Z - info: Website regeneration complete! Total build time: 0.058s
2021-01-13T09:17:17.153Z - info: [5:17:17 PM] Reload for file change: C:\Users\ZeYu\Desktop\markbind\packages\core\template\default\contents\topic1.md
2021-01-13T09:17:17.156Z - info: [5:17:17 PM] Reload for file change: C:\Users\ZeYu\Desktop\markbind\packages\core\template\default\index.md
2021-01-13T09:17:18.170Z - info: Rebuilding 1 pages
2021-01-13T09:17:18.181Z - info: Assets built
2021-01-13T09:17:18.228Z - info: Site data built
2021-01-13T09:17:18.228Z - info: Pages rebuilt
2021-01-13T09:17:18.229Z - info: Website regeneration complete! Total build time: 0.059s
2021-01-13T09:17:38.028Z - info: [5:17:38 PM] Reload for file change: C:\Users\ZeYu\Desktop\markbind\packages\core\template\default\index.md
2021-01-13T09:17:39.036Z - info: Rebuilding 1 pages
2021-01-13T09:17:39.086Z - info: Site data built
2021-01-13T09:17:39.087Z - info: Pages rebuilt
2021-01-13T09:17:39.087Z - info: Website regeneration complete! Total build time: 0.052s
2021-01-13T09:18:30.628Z - info: [5:18:30 PM] Reload for file change: C:\Users\ZeYu\Desktop\markbind\packages\core\template\default\index.md
2021-01-13T09:18:31.637Z - info: Rebuilding 1 pages
2021-01-13T09:18:31.690Z - info: Site data built
2021-01-13T09:18:31.690Z - info: Pages rebuilt
2021-01-13T09:18:31.691Z - info: Website regeneration complete! Total build time: 0.054s
2021-01-13T09:19:12.860Z - info: [5:19:12 PM] Reload for file change: C:\Users\ZeYu\Desktop\markbind\packages\core\template\default\index.md
2021-01-13T09:19:13.870Z - info: Rebuilding 1 pages
2021-01-13T09:19:13.935Z - info: Site data built
2021-01-13T09:19:13.935Z - info: Pages rebuilt
2021-01-13T09:19:13.935Z - info: Website regeneration complete! Total build time: 0.065s
2021-01-13T12:24:15.913Z - info: Website generation (lazy) started at 8:24:15 PM
2021-01-13T12:24:15.963Z - info: Building assets...
2021-01-13T12:24:15.979Z - info: Assets built
2021-01-13T12:24:15.979Z - info: Generating landing page...
2021-01-13T12:24:16.696Z - info: Landing page built, other pages will be built as you navigate to them!
2021-01-13T12:24:19.207Z - info: Site data built
2021-01-13T12:24:19.207Z - info: Website generation (lazy) complete! Total build time: 3.317s
2021-01-13T12:24:19.220Z - info: Serving "C:\Users\ZeYu\Desktop\markbind\packages\core\template\default\_site" at http://127.0.0.1:8080
2021-01-13T12:24:19.220Z - info: Press CTRL+C to stop ...
2021-01-13T12:24:33.727Z - info: [8:24:33 PM] Reload for file change: C:\Users\ZeYu\Desktop\markbind\packages\core\template\default\index.md
2021-01-13T12:24:34.740Z - info: Rebuilding 1 pages
2021-01-13T12:24:34.853Z - info: Site data built
2021-01-13T12:24:34.854Z - info: Pages rebuilt
2021-01-13T12:24:34.854Z - info: Website regeneration complete! Total build time: 0.116s
2021-01-13T12:24:56.788Z - info: [8:24:56 PM] Reload for file change: C:\Users\ZeYu\Desktop\markbind\packages\core\template\default\index.md
2021-01-13T12:24:57.799Z - info: Rebuilding 1 pages
2021-01-13T12:24:57.868Z - info: Site data built
2021-01-13T12:24:57.868Z - info: Pages rebuilt
2021-01-13T12:24:57.868Z - info: Website regeneration complete! Total build time: 0.069s
