2021-01-20T12:14:04.060Z - info: Website generation (lazy) started at 8:14:04 PM
2021-01-20T12:14:04.116Z - info: Building assets...
2021-01-20T12:14:04.136Z - info: Assets built
2021-01-20T12:14:04.136Z - info: Generating landing page...
2021-01-20T12:14:04.772Z - info: Landing page built, other pages will be built as you navigate to them!
2021-01-20T12:14:07.518Z - info: Site data built
2021-01-20T12:14:07.518Z - info: Website generation (lazy) complete! Total build time: 3.497s
2021-01-20T12:14:07.533Z - info: Serving "C:\Users\ZeYu\Desktop\markbind\packages\core\template\default\_site" at http://127.0.0.1:8080
2021-01-20T12:14:07.533Z - info: Press CTRL+C to stop ...
2021-01-20T12:24:58.123Z - info: Website generation (lazy) started at 8:24:58 PM
2021-01-20T12:24:58.165Z - info: Building assets...
2021-01-20T12:24:58.183Z - info: Assets built
2021-01-20T12:24:58.183Z - info: Generating landing page...
2021-01-20T12:24:58.790Z - info: Landing page built, other pages will be built as you navigate to them!
2021-01-20T12:25:01.400Z - info: Site data built
2021-01-20T12:25:01.401Z - info: Website generation (lazy) complete! Total build time: 3.3s
2021-01-20T12:25:01.414Z - info: Serving "C:\Users\ZeYu\Desktop\markbind\packages\core\template\default\_site" at http://127.0.0.1:8080
2021-01-20T12:25:01.415Z - info: Press CTRL+C to stop ...
2021-01-20T12:25:16.546Z - info: [8:25:16 PM] Reload for file change: C:\Users\ZeYu\Desktop\markbind\packages\core\template\default\index.md
2021-01-20T12:25:17.561Z - info: Rebuilding 1 pages
2021-01-20T12:25:17.642Z - info: Site data built
2021-01-20T12:25:17.642Z - info: Pages rebuilt
2021-01-20T12:25:17.642Z - info: Website regeneration complete! Total build time: 0.082s
2021-01-20T12:25:42.830Z - info: Website generation (lazy) started at 8:25:42 PM
2021-01-20T12:25:42.873Z - info: Building assets...
2021-01-20T12:25:42.890Z - info: Assets built
2021-01-20T12:25:42.890Z - info: Generating landing page...
2021-01-20T12:25:43.494Z - info: Landing page built, other pages will be built as you navigate to them!
2021-01-20T12:25:45.998Z - info: Site data built
2021-01-20T12:25:45.998Z - info: Website generation (lazy) complete! Total build time: 3.189s
2021-01-20T12:25:46.011Z - info: Serving "C:\Users\ZeYu\Desktop\markbind\packages\core\template\default\_site" at http://127.0.0.1:8080
2021-01-20T12:25:46.012Z - info: Press CTRL+C to stop ...
2021-01-20T12:26:42.450Z - info: Website generation (lazy) started at 8:26:42 PM
2021-01-20T12:26:42.492Z - info: Building assets...
2021-01-20T12:26:42.510Z - info: Assets built
2021-01-20T12:26:42.511Z - info: Generating landing page...
2021-01-20T12:26:43.027Z - info: Landing page built, other pages will be built as you navigate to them!
2021-01-20T12:26:45.722Z - info: Site data built
2021-01-20T12:26:45.722Z - info: Website generation (lazy) complete! Total build time: 3.294s
2021-01-20T12:26:45.735Z - info: Serving "C:\Users\ZeYu\Desktop\markbind\packages\core\template\default\_site" at http://127.0.0.1:8080
2021-01-20T12:26:45.735Z - info: Press CTRL+C to stop ...
2021-01-20T12:27:37.176Z - info: Website generation (lazy) started at 8:27:37 PM
2021-01-20T12:27:37.219Z - info: Building assets...
2021-01-20T12:27:37.235Z - info: Assets built
2021-01-20T12:27:37.236Z - info: Generating landing page...
2021-01-20T12:27:37.749Z - info: Landing page built, other pages will be built as you navigate to them!
2021-01-20T12:27:40.317Z - info: Site data built
2021-01-20T12:27:40.317Z - info: Website generation (lazy) complete! Total build time: 3.162s
2021-01-20T12:27:40.330Z - info: Serving "C:\Users\ZeYu\Desktop\markbind\packages\core\template\default\_site" at http://127.0.0.1:8080
2021-01-20T12:27:40.330Z - info: Press CTRL+C to stop ...
2021-01-20T12:31:10.341Z - info: [8:31:10 PM] Reload for file change: C:\Users\ZeYu\Desktop\markbind\packages\core\template\default\index.md
2021-01-20T12:31:11.346Z - info: Rebuilding 1 pages
2021-01-20T12:31:11.436Z - info: Site data built
2021-01-20T12:31:11.436Z - info: Pages rebuilt
2021-01-20T12:31:11.436Z - info: Website regeneration complete! Total build time: 0.09s
2021-01-20T12:31:15.790Z - info: [8:31:15 PM] Reload for file change: C:\Users\ZeYu\Desktop\markbind\packages\core\template\default\index.md
2021-01-20T12:31:16.805Z - info: Rebuilding 1 pages
2021-01-20T12:31:16.857Z - info: Site data built
2021-01-20T12:31:16.857Z - info: Pages rebuilt
2021-01-20T12:31:16.857Z - info: Website regeneration complete! Total build time: 0.053s
2021-01-20T12:33:43.864Z - info: Website generation (lazy) started at 8:33:43 PM
2021-01-20T12:33:43.906Z - info: Building assets...
2021-01-20T12:33:43.922Z - info: Assets built
2021-01-20T12:33:43.923Z - info: Generating landing page...
2021-01-20T12:33:44.459Z - info: Landing page built, other pages will be built as you navigate to them!
2021-01-20T12:33:47.150Z - info: Site data built
2021-01-20T12:33:47.150Z - info: Website generation (lazy) complete! Total build time: 3.309s
2021-01-20T12:33:47.163Z - info: Serving "C:\Users\ZeYu\Desktop\markbind\packages\core\template\default\_site" at http://127.0.0.1:8080
2021-01-20T12:33:47.164Z - info: Press CTRL+C to stop ...
2021-01-20T12:35:19.731Z - info: Website generation (lazy) started at 8:35:19 PM
2021-01-20T12:35:19.772Z - info: Building assets...
2021-01-20T12:35:19.788Z - info: Assets built
2021-01-20T12:35:19.788Z - info: Generating landing page...
2021-01-20T12:35:20.386Z - info: Landing page built, other pages will be built as you navigate to them!
2021-01-20T12:35:22.902Z - info: Site data built
2021-01-20T12:35:22.902Z - info: Website generation (lazy) complete! Total build time: 3.192s
2021-01-20T12:35:22.915Z - info: Serving "C:\Users\ZeYu\Desktop\markbind\packages\core\template\default\_site" at http://127.0.0.1:8080
2021-01-20T12:35:22.915Z - info: Press CTRL+C to stop ...
2021-01-20T12:36:22.765Z - info: Website generation (lazy) started at 8:36:22 PM
2021-01-20T12:36:22.809Z - info: Building assets...
2021-01-20T12:36:22.825Z - info: Assets built
2021-01-20T12:36:22.827Z - info: Generating landing page...
2021-01-20T12:36:23.437Z - info: Landing page built, other pages will be built as you navigate to them!
2021-01-20T12:36:26.158Z - info: Site data built
2021-01-20T12:36:26.159Z - info: Website generation (lazy) complete! Total build time: 3.414s
2021-01-20T12:36:26.171Z - info: Serving "C:\Users\ZeYu\Desktop\markbind\packages\core\template\default\_site" at http://127.0.0.1:8080
2021-01-20T12:36:26.172Z - info: Press CTRL+C to stop ...
2021-01-20T12:39:12.413Z - info: Website generation (lazy) started at 8:39:12 PM
2021-01-20T12:39:12.455Z - info: Building assets...
2021-01-20T12:39:12.472Z - info: Assets built
2021-01-20T12:39:12.472Z - info: Generating landing page...
2021-01-20T12:39:13.069Z - info: Landing page built, other pages will be built as you navigate to them!
2021-01-20T12:39:15.557Z - info: Site data built
2021-01-20T12:39:15.557Z - info: Website generation (lazy) complete! Total build time: 3.166s
2021-01-20T12:39:15.570Z - info: Serving "C:\Users\ZeYu\Desktop\markbind\packages\core\template\default\_site" at http://127.0.0.1:8080
2021-01-20T12:39:15.570Z - info: Press CTRL+C to stop ...
2021-01-20T12:40:20.320Z - info: Website generation (lazy) started at 8:40:20 PM
2021-01-20T12:40:20.362Z - info: Building assets...
2021-01-20T12:40:20.378Z - info: Assets built
2021-01-20T12:40:20.379Z - info: Generating landing page...
2021-01-20T12:40:20.965Z - info: Landing page built, other pages will be built as you navigate to them!
2021-01-20T12:40:23.451Z - info: Site data built
2021-01-20T12:40:23.451Z - info: Website generation (lazy) complete! Total build time: 3.153s
2021-01-20T12:40:23.465Z - info: Serving "C:\Users\ZeYu\Desktop\markbind\packages\core\template\default\_site" at http://127.0.0.1:8080
2021-01-20T12:40:23.465Z - info: Press CTRL+C to stop ...
2021-01-20T12:43:15.422Z - info: Website generation (lazy) started at 8:43:15 PM
2021-01-20T12:43:15.464Z - info: Building assets...
2021-01-20T12:43:15.480Z - info: Assets built
2021-01-20T12:43:15.481Z - info: Generating landing page...
2021-01-20T12:43:15.992Z - info: Landing page built, other pages will be built as you navigate to them!
2021-01-20T12:43:18.591Z - info: Site data built
2021-01-20T12:43:18.592Z - info: Website generation (lazy) complete! Total build time: 3.19s
2021-01-20T12:43:18.605Z - info: Serving "C:\Users\ZeYu\Desktop\markbind\packages\core\template\default\_site" at http://127.0.0.1:8080
2021-01-20T12:43:18.605Z - info: Press CTRL+C to stop ...
2021-01-20T12:44:32.039Z - info: Website generation (lazy) started at 8:44:32 PM
2021-01-20T12:44:32.082Z - info: Building assets...
2021-01-20T12:44:32.099Z - info: Assets built
2021-01-20T12:44:32.099Z - info: Generating landing page...
2021-01-20T12:44:32.612Z - info: Landing page built, other pages will be built as you navigate to them!
2021-01-20T12:44:35.199Z - info: Site data built
2021-01-20T12:44:35.199Z - info: Website generation (lazy) complete! Total build time: 3.185s
2021-01-20T12:44:35.212Z - info: Serving "C:\Users\ZeYu\Desktop\markbind\packages\core\template\default\_site" at http://127.0.0.1:8080
2021-01-20T12:44:35.213Z - info: Press CTRL+C to stop ...
2021-01-20T12:47:47.365Z - info: Website generation (lazy) started at 8:47:47 PM
2021-01-20T12:47:47.408Z - info: Building assets...
2021-01-20T12:47:47.425Z - info: Assets built
2021-01-20T12:47:47.425Z - info: Generating landing page...
2021-01-20T12:47:47.954Z - info: Landing page built, other pages will be built as you navigate to them!
2021-01-20T12:47:50.532Z - info: Site data built
2021-01-20T12:47:50.533Z - info: Website generation (lazy) complete! Total build time: 3.189s
2021-01-20T12:47:50.546Z - info: Serving "C:\Users\ZeYu\Desktop\markbind\packages\core\template\default\_site" at http://127.0.0.1:8080
2021-01-20T12:47:50.547Z - info: Press CTRL+C to stop ...
2021-01-20T12:49:42.483Z - info: Website generation (lazy) started at 8:49:42 PM
2021-01-20T12:49:42.525Z - info: Building assets...
2021-01-20T12:49:42.543Z - info: Assets built
2021-01-20T12:49:42.543Z - info: Generating landing page...
2021-01-20T12:49:43.054Z - info: Landing page built, other pages will be built as you navigate to them!
2021-01-20T12:49:45.618Z - info: Site data built
2021-01-20T12:49:45.618Z - info: Website generation (lazy) complete! Total build time: 3.156s
2021-01-20T12:49:45.632Z - info: Serving "C:\Users\ZeYu\Desktop\markbind\packages\core\template\default\_site" at http://127.0.0.1:8080
2021-01-20T12:49:45.632Z - info: Press CTRL+C to stop ...
2021-01-20T12:49:59.699Z - info: Website generation (lazy) started at 8:49:59 PM
2021-01-20T12:49:59.744Z - info: Building assets...
2021-01-20T12:49:59.761Z - info: Assets built
2021-01-20T12:49:59.761Z - info: Generating landing page...
2021-01-20T12:50:00.287Z - info: Landing page built, other pages will be built as you navigate to them!
2021-01-20T12:50:02.894Z - info: Site data built
2021-01-20T12:50:02.894Z - info: Website generation (lazy) complete! Total build time: 3.217s
2021-01-20T12:50:02.907Z - info: Serving "C:\Users\ZeYu\Desktop\markbind\packages\core\template\default\_site" at http://127.0.0.1:8080
2021-01-20T12:50:02.907Z - info: Press CTRL+C to stop ...
2021-01-20T13:06:02.136Z - info: Website generation (lazy) started at 9:06:02 PM
2021-01-20T13:06:02.179Z - info: Building assets...
2021-01-20T13:06:02.199Z - info: Assets built
2021-01-20T13:06:02.200Z - info: Generating landing page...
2021-01-20T13:06:02.708Z - info: Landing page built, other pages will be built as you navigate to them!
2021-01-20T13:06:05.513Z - info: Site data built
2021-01-20T13:06:05.514Z - info: Website generation (lazy) complete! Total build time: 3.4s
2021-01-20T13:06:05.528Z - info: Serving "C:\Users\ZeYu\Desktop\markbind\packages\core\template\default\_site" at http://127.0.0.1:8080
2021-01-20T13:06:05.528Z - info: Press CTRL+C to stop ...
2021-01-20T13:07:02.528Z - info: Building C:\Users\ZeYu\Desktop\markbind\packages\core\template\default\contents\topic1 as some of its dependencies were changed since the last visit
2021-01-20T13:07:02.575Z - info: Site data built
2021-01-20T13:07:02.575Z - info: Lazy website regeneration complete! Total build time: 0.05s
