2021-01-16T04:37:20.087Z - info: Website generation (lazy) started at 12:37:20 PM
2021-01-16T04:37:20.129Z - info: Building assets...
2021-01-16T04:37:20.145Z - info: Assets built
2021-01-16T04:37:20.145Z - info: Generating landing page...
2021-01-16T04:37:20.760Z - info: Landing page built, other pages will be built as you navigate to them!
2021-01-16T04:37:23.249Z - info: Site data built
2021-01-16T04:37:23.250Z - info: Website generation (lazy) complete! Total build time: 3.185s
2021-01-16T04:37:23.263Z - info: Serving "C:\Users\ZeYu\Desktop\markbind\packages\core\template\default\_site" at http://127.0.0.1:8080
2021-01-16T04:37:23.263Z - info: Press CTRL+C to stop ...
2021-01-16T04:39:05.399Z - info: [12:39:05 PM] Reload for file change: C:\Users\ZeYu\Desktop\markbind\packages\core\template\default\index.md
2021-01-16T04:39:05.404Z - info: [12:39:05 PM] Reload for file change: C:\Users\ZeYu\Desktop\markbind\packages\core\template\default\contents\topic1.md
2021-01-16T04:39:06.410Z - info: Rebuilding 1 pages
2021-01-16T04:39:06.451Z - info: Assets built
2021-01-16T04:39:06.511Z - info: Site data built
2021-01-16T04:39:06.512Z - info: Pages rebuilt
2021-01-16T04:39:06.512Z - info: Website regeneration complete! Total build time: 0.103s
2021-01-16T04:39:27.684Z - info: [12:39:27 PM] Reload for file change: C:\Users\ZeYu\Desktop\markbind\packages\core\template\default\index.md
2021-01-16T04:39:28.700Z - info: Rebuilding 1 pages
2021-01-16T04:39:28.767Z - info: Site data built
2021-01-16T04:39:28.767Z - info: Pages rebuilt
2021-01-16T04:39:28.767Z - info: Website regeneration complete! Total build time: 0.068s
2021-01-16T04:39:34.286Z - info: [12:39:34 PM] Reload for file change: C:\Users\ZeYu\Desktop\markbind\packages\core\template\default\index.md
2021-01-16T04:39:35.298Z - info: Rebuilding 1 pages
2021-01-16T04:39:35.350Z - info: Site data built
2021-01-16T04:39:35.351Z - info: Pages rebuilt
2021-01-16T04:39:35.351Z - info: Website regeneration complete! Total build time: 0.055s
2021-01-16T04:44:10.782Z - info: [12:44:10 PM] Reload for file deletion: C:\Users\ZeYu\Desktop\markbind\packages\core\template\default\index.md
2021-01-16T04:44:11.788Z - info: Page added or removed, updating list of site's pages...
2021-01-16T04:44:13.815Z - info: Building C:\Users\ZeYu\Desktop\markbind\packages\core\template\default\index as some of its dependencies were changed since the last visit
2021-01-16T04:44:13.817Z - warn:  Error: template not found: index.md
    at createTemplate (C:\Users\ZeYu\Desktop\markbind\packages\core\src\patches\nunjucks\load-event.js:96:13)
    at next (C:\Users\ZeYu\Desktop\markbind\node_modules\nunjucks\src\lib.js:328:7)
    at handle (C:\Users\ZeYu\Desktop\markbind\packages\core\src\patches\nunjucks\load-event.js:135:9)
    at C:\Users\ZeYu\Desktop\markbind\packages\core\src\patches\nunjucks\load-event.js:145:7
    at next (C:\Users\ZeYu\Desktop\markbind\node_modules\nunjucks\src\lib.js:326:7)
    at Object.asyncIter (C:\Users\ZeYu\Desktop\markbind\node_modules\nunjucks\src\lib.js:332:3)
    at Environment.getTemplate (C:\Users\ZeYu\Desktop\markbind\packages\core\src\patches\nunjucks\load-event.js:127:7)
    at Environment.render (C:\Users\ZeYu\Desktop\markbind\packages\core\src\patches\nunjucks\context-overrides-frame.js:48:8)
    at VariableRenderer.renderFile (C:\Users\ZeYu\Desktop\markbind\packages\core\src\variables\VariableRenderer.js:58:20)
    at VariableProcessor.renderWithSiteVariables (C:\Users\ZeYu\Desktop\markbind\packages\core\src\variables\VariableProcessor.js:156:53)
    at Page.generate (C:\Users\ZeYu\Desktop\markbind\packages\core\src\Page\index.js:454:37)
    at C:\Users\ZeYu\Desktop\markbind\packages\core\src\Site\index.js:709:28
    at Array.map (<anonymous>)
    at Site._rebuildPageBeingViewed (C:\Users\ZeYu\Desktop\markbind\packages\core\src\Site\index.js:699:51)
    at C:\Users\ZeYu\Desktop\markbind\packages\core\src\utils\delay.js:30:36
    at PassThroughHandlerContext.finallyHandler (C:\Users\ZeYu\Desktop\markbind\node_modules\bluebird\js\release\finally.js:56:23)
2021-01-16T04:44:19.456Z - info: [12:44:19 PM] Reload for file change: C:\Users\ZeYu\Desktop\markbind\packages\core\template\default\contents\topic1.md
2021-01-16T04:44:19.460Z - info: [12:44:19 PM] Reload for file add: C:\Users\ZeYu\Desktop\markbind\packages\core\template\default\index.md
2021-01-16T04:44:20.466Z - info: Page added or removed, updating list of site's pages...
2021-01-16T04:44:20.470Z - info: Assets built
2021-01-16T04:44:22.483Z - info: Building C:\Users\ZeYu\Desktop\markbind\packages\core\template\default\index as some of its dependencies were changed since the last visit
2021-01-16T04:44:22.537Z - info: Site data built
2021-01-16T04:44:22.538Z - info: Lazy website regeneration complete! Total build time: 0.056s
2021-01-16T07:04:06.250Z - info: Website generation (lazy) started at 3:04:06 PM
2021-01-16T07:04:06.295Z - info: Building assets...
2021-01-16T07:04:06.312Z - info: Assets built
2021-01-16T07:04:06.313Z - info: Generating landing page...
2021-01-16T07:04:06.976Z - info: Landing page built, other pages will be built as you navigate to them!
2021-01-16T07:04:09.528Z - info: Site data built
2021-01-16T07:04:09.528Z - info: Website generation (lazy) complete! Total build time: 3.286s
2021-01-16T07:04:09.542Z - info: Serving "C:\Users\ZeYu\Desktop\markbind\packages\core\template\default\_site" at http://127.0.0.1:8080
2021-01-16T07:04:09.542Z - info: Press CTRL+C to stop ...
